2026-05-21 17:15:26  INFO      ============================================================
2026-05-21 17:15:26  INFO        nstad_bench  run_all_stat.py
2026-05-21 17:15:26  INFO        Started : 2026-05-21 17:15:26
2026-05-21 17:15:26  INFO        Log file: logs/run_stat_20260521_1715_s1.log
2026-05-21 17:15:26  INFO        Mode    : STAGE 1 ONLY
2026-05-21 17:15:26  INFO      ============================================================
2026-05-21 17:15:29  INFO      в”Ѓв”Ѓв”Ѓв”Ѓв”Ѓв”Ѓв”Ѓв”Ѓв”Ѓв”Ѓв”Ѓв”Ѓв”Ѓв”Ѓв”Ѓв”Ѓв”Ѓв”Ѓв”Ѓв”Ѓв”Ѓв”Ѓв”Ѓв”Ѓв”Ѓв”Ѓв”Ѓв”Ѓв”Ѓв”Ѓв”Ѓв”Ѓв”Ѓв”Ѓв”Ѓв”Ѓв”Ѓв”Ѓв”Ѓв”Ѓв”Ѓв”Ѓв”Ѓв”Ѓв”Ѓв”Ѓв”Ѓв”Ѓв”Ѓв”Ѓв”Ѓв”Ѓв”Ѓв”Ѓв”Ѓв”Ѓв”Ѓв”Ѓв”Ѓв”Ѓ
2026-05-21 17:15:29  INFO        Dataset : mitbih_ds1_ds2
2026-05-21 17:15:29  INFO        Config  : /Users/user/projects/cross-domain-experiment/configs/statistical/mitbih.yaml
2026-05-21 17:15:29  INFO        Mode    : STAGE 1 ONLY (screening)  [statistical branch]
2026-05-21 17:15:29  INFO      в”Ѓв”Ѓв”Ѓв”Ѓв”Ѓв”Ѓв”Ѓв”Ѓв”Ѓв”Ѓв”Ѓв”Ѓв”Ѓв”Ѓв”Ѓв”Ѓв”Ѓв”Ѓв”Ѓв”Ѓв”Ѓв”Ѓв”Ѓв”Ѓв”Ѓв”Ѓв”Ѓв”Ѓв”Ѓв”Ѓв”Ѓв”Ѓв”Ѓв”Ѓв”Ѓв”Ѓв”Ѓв”Ѓв”Ѓв”Ѓв”Ѓв”Ѓв”Ѓв”Ѓв”Ѓв”Ѓв”Ѓв”Ѓв”Ѓв”Ѓв”Ѓв”Ѓв”Ѓв”Ѓв”Ѓв”Ѓв”Ѓв”Ѓв”Ѓв”Ѓ
2026-05-21 17:15:29  INFO      ======================================================================
2026-05-21 17:15:29  INFO      Experiment : mitbih_stat  [statistical branch]
2026-05-21 17:15:29  INFO      Output     : results/statistical/mitbih_stat.parquet
2026-05-21 17:15:29  INFO      n_bootstrap: 200
2026-05-21 17:15:29  INFO      ======================================================================
2026-05-21 17:15:29  INFO      --- Stage 1: Screening (SourceOnly) ---
2026-05-21 17:15:29  INFO      Stage 1 вЂ” 36 screening configs
2026-05-21 17:15:29  INFO      [S1 1/36] [screening] RawSignalГ—LogRegГ—SourceOnly  ds=mitbih_ds1_ds2  seed=0  trial=0
2026-05-21 17:15:29  INFO      Segmenting DS1 (source) from /Users/user/.nstad_bench/data/mitbih вЂ¦
2026-05-21 17:15:29  INFO      Segmenting DS2 (target) from /Users/user/.nstad_bench/data/mitbih вЂ¦
2026-05-21 17:15:30  INFO      MIT-BIH DS1в†’DS2 вЂ” source: 6000  (N=3000, A=3000)  target: 6000  (N=3000, A=3000)
2026-05-21 17:15:32  INFO        [screening] RawSignalГ—LogRegГ—SourceOnly  ds=mitbih_ds1_ds2  seed=0  trial=0  roc=0.7871  f1=0.7169  О”auc=+0.1143  О”f1=+0.1317  t=0.481
2026-05-21 17:15:33  INFO      [S1 2/36] [screening] RawSignalГ—LogRegГ—SourceOnly  ds=mitbih_ds1_ds2  seed=1  trial=0
2026-05-21 17:15:35  INFO        [screening] RawSignalГ—LogRegГ—SourceOnly  ds=mitbih_ds1_ds2  seed=1  trial=0  roc=0.7871  f1=0.7169  О”auc=+0.1143  О”f1=+0.1317  t=0.481
2026-05-21 17:15:35  INFO      [S1 3/36] [screening] RawSignalГ—LogRegГ—SourceOnly  ds=mitbih_ds1_ds2  seed=2  trial=0
2026-05-21 17:15:38  INFO        [screening] RawSignalГ—LogRegГ—SourceOnly  ds=mitbih_ds1_ds2  seed=2  trial=0  roc=0.7871  f1=0.7169  О”auc=+0.1143  О”f1=+0.1317  t=0.481
2026-05-21 17:15:38  INFO      [S1 4/36] [screening] RawSignalГ—RandomForestГ—SourceOnly  ds=mitbih_ds1_ds2  seed=0  trial=0
2026-05-21 17:15:43  INFO        [screening] RawSignalГ—RandomForestГ—SourceOnly  ds=mitbih_ds1_ds2  seed=0  trial=0  roc=0.8929  f1=0.7877  О”auc=+0.1071  О”f1=+0.2123  t=0.630
2026-05-21 17:15:43  INFO      [S1 5/36] [screening] RawSignalГ—RandomForestГ—SourceOnly  ds=mitbih_ds1_ds2  seed=1  trial=0
2026-05-21 17:15:48  INFO        [screening] RawSignalГ—RandomForestГ—SourceOnly  ds=mitbih_ds1_ds2  seed=1  trial=0  roc=0.8915  f1=0.7811  О”auc=+0.1085  О”f1=+0.2189  t=0.605
2026-05-21 17:15:48  INFO      [S1 6/36] [screening] RawSignalГ—RandomForestГ—SourceOnly  ds=mitbih_ds1_ds2  seed=2  trial=0
2026-05-21 17:15:53  INFO        [screening] RawSignalГ—RandomForestГ—SourceOnly  ds=mitbih_ds1_ds2  seed=2  trial=0  roc=0.8926  f1=0.7864  О”auc=+0.1074  О”f1=+0.2136  t=0.610
2026-05-21 17:15:53  INFO      [S1 7/36] [screening] RawSignalГ—GBMГ—SourceOnly  ds=mitbih_ds1_ds2  seed=0  trial=0
2026-05-21 17:15:57  INFO        [screening] RawSignalГ—GBMГ—SourceOnly  ds=mitbih_ds1_ds2  seed=0  trial=0  roc=0.8985  f1=0.8042  О”auc=+0.0946  О”f1=+0.1677  t=0.440
2026-05-21 17:15:57  INFO      [S1 8/36] [screening] RawSignalГ—GBMГ—SourceOnly  ds=mitbih_ds1_ds2  seed=1  trial=0
2026-05-21 17:16:00  INFO        [screening] RawSignalГ—GBMГ—SourceOnly  ds=mitbih_ds1_ds2  seed=1  trial=0  roc=0.8985  f1=0.8042  О”auc=+0.0946  О”f1=+0.1677  t=0.440
2026-05-21 17:16:00  INFO      [S1 9/36] [screening] RawSignalГ—GBMГ—SourceOnly  ds=mitbih_ds1_ds2  seed=2  trial=0
2026-05-21 17:16:03  INFO        [screening] RawSignalГ—GBMГ—SourceOnly  ds=mitbih_ds1_ds2  seed=2  trial=0  roc=0.8985  f1=0.8042  О”auc=+0.0946  О”f1=+0.1677  t=0.440
2026-05-21 17:16:03  INFO      [S1 10/36] [screening] RawSignalГ—SVMГ—SourceOnly  ds=mitbih_ds1_ds2  seed=0  trial=0
2026-05-21 17:16:14  INFO        [screening] RawSignalГ—SVMГ—SourceOnly  ds=mitbih_ds1_ds2  seed=0  trial=0  roc=0.8926  f1=0.7873  О”auc=+0.0978  О”f1=+0.1935  t=0.598
2026-05-21 17:16:14  INFO      [S1 11/36] [screening] RawSignalГ—SVMГ—SourceOnly  ds=mitbih_ds1_ds2  seed=1  trial=0
2026-05-21 17:16:24  INFO        [screening] RawSignalГ—SVMГ—SourceOnly  ds=mitbih_ds1_ds2  seed=1  trial=0  roc=0.8926  f1=0.7873  О”auc=+0.0978  О”f1=+0.1935  t=0.596
2026-05-21 17:16:24  INFO      [S1 12/36] [screening] RawSignalГ—SVMГ—SourceOnly  ds=mitbih_ds1_ds2  seed=2  trial=0
2026-05-21 17:16:35  INFO        [screening] RawSignalГ—SVMГ—SourceOnly  ds=mitbih_ds1_ds2  seed=2  trial=0  roc=0.8926  f1=0.7873  О”auc=+0.0978  О”f1=+0.1935  t=0.597
2026-05-21 17:16:35  INFO      [S1 13/36] [screening] LogSTFTГ—LogRegГ—SourceOnly  ds=mitbih_ds1_ds2  seed=0  trial=0
2026-05-21 17:16:38  INFO        [screening] LogSTFTГ—LogRegГ—SourceOnly  ds=mitbih_ds1_ds2  seed=0  trial=0  roc=0.9038  f1=0.8289  О”auc=+0.0569  О”f1=+0.0729  t=0.473
2026-05-21 17:16:38  INFO      [S1 14/36] [screening] LogSTFTГ—LogRegГ—SourceOnly  ds=mitbih_ds1_ds2  seed=1  trial=0
2026-05-21 17:16:41  INFO        [screening] LogSTFTГ—LogRegГ—SourceOnly  ds=mitbih_ds1_ds2  seed=1  trial=0  roc=0.9038  f1=0.8289  О”auc=+0.0569  О”f1=+0.0729  t=0.473
2026-05-21 17:16:41  INFO      [S1 15/36] [screening] LogSTFTГ—LogRegГ—SourceOnly  ds=mitbih_ds1_ds2  seed=2  trial=0
2026-05-21 17:16:45  INFO        [screening] LogSTFTГ—LogRegГ—SourceOnly  ds=mitbih_ds1_ds2  seed=2  trial=0  roc=0.9038  f1=0.8289  О”auc=+0.0569  О”f1=+0.0729  t=0.473
2026-05-21 17:16:45  INFO      [S1 16/36] [screening] LogSTFTГ—RandomForestГ—SourceOnly  ds=mitbih_ds1_ds2  seed=0  trial=0
2026-05-21 17:16:53  INFO        [screening] LogSTFTГ—RandomForestГ—SourceOnly  ds=mitbih_ds1_ds2  seed=0  trial=0  roc=0.8883  f1=0.8042  О”auc=+0.1117  О”f1=+0.1958  t=0.655
2026-05-21 17:16:53  INFO      [S1 17/36] [screening] LogSTFTГ—RandomForestГ—SourceOnly  ds=mitbih_ds1_ds2  seed=1  trial=0
2026-05-21 17:17:01  INFO        [screening] LogSTFTГ—RandomForestГ—SourceOnly  ds=mitbih_ds1_ds2  seed=1  trial=0  roc=0.8935  f1=0.8114  О”auc=+0.1065  О”f1=+0.1886  t=0.605
2026-05-21 17:17:01  INFO      [S1 18/36] [screening] LogSTFTГ—RandomForestГ—SourceOnly  ds=mitbih_ds1_ds2  seed=2  trial=0
2026-05-21 17:17:09  INFO        [screening] LogSTFTГ—RandomForestГ—SourceOnly  ds=mitbih_ds1_ds2  seed=2  trial=0  roc=0.8889  f1=0.8107  О”auc=+0.1111  О”f1=+0.1893  t=0.620
2026-05-21 17:17:09  INFO      [S1 19/36] [screening] LogSTFTГ—GBMГ—SourceOnly  ds=mitbih_ds1_ds2  seed=0  trial=0
2026-05-21 17:17:14  INFO        [screening] LogSTFTГ—GBMГ—SourceOnly  ds=mitbih_ds1_ds2  seed=0  trial=0  roc=0.9024  f1=0.8122  О”auc=+0.0954  О”f1=+0.1702  t=0.373
2026-05-21 17:17:14  INFO      [S1 20/36] [screening] LogSTFTГ—GBMГ—SourceOnly  ds=mitbih_ds1_ds2  seed=1  trial=0
2026-05-21 17:17:20  INFO        [screening] LogSTFTГ—GBMГ—SourceOnly  ds=mitbih_ds1_ds2  seed=1  trial=0  roc=0.9024  f1=0.8122  О”auc=+0.0954  О”f1=+0.1702  t=0.373
2026-05-21 17:17:20  INFO      [S1 21/36] [screening] LogSTFTГ—GBMГ—SourceOnly  ds=mitbih_ds1_ds2  seed=2  trial=0
2026-05-21 17:17:25  INFO        [screening] LogSTFTГ—GBMГ—SourceOnly  ds=mitbih_ds1_ds2  seed=2  trial=0  roc=0.9024  f1=0.8122  О”auc=+0.0954  О”f1=+0.1702  t=0.373
2026-05-21 17:17:25  INFO      [S1 22/36] [screening] LogSTFTГ—SVMГ—SourceOnly  ds=mitbih_ds1_ds2  seed=0  trial=0
2026-05-21 17:18:04  INFO        [screening] LogSTFTГ—SVMГ—SourceOnly  ds=mitbih_ds1_ds2  seed=0  trial=0  roc=0.8936  f1=0.7968  О”auc=+0.0910  О”f1=+0.1696  t=0.486
2026-05-21 17:18:04  INFO      [S1 23/36] [screening] LogSTFTГ—SVMГ—SourceOnly  ds=mitbih_ds1_ds2  seed=1  trial=0
2026-05-21 17:18:42  INFO        [screening] LogSTFTГ—SVMГ—SourceOnly  ds=mitbih_ds1_ds2  seed=1  trial=0  roc=0.8936  f1=0.7968  О”auc=+0.0910  О”f1=+0.1696  t=0.486
2026-05-21 17:18:42  INFO      [S1 24/36] [screening] LogSTFTГ—SVMГ—SourceOnly  ds=mitbih_ds1_ds2  seed=2  trial=0
2026-05-21 17:19:20  INFO        [screening] LogSTFTГ—SVMГ—SourceOnly  ds=mitbih_ds1_ds2  seed=2  trial=0  roc=0.8936  f1=0.7968  О”auc=+0.0910  О”f1=+0.1696  t=0.485
2026-05-21 17:19:20  INFO      [S1 25/36] [screening] CWT_MorletГ—LogRegГ—SourceOnly  ds=mitbih_ds1_ds2  seed=0  trial=0
2026-05-21 17:22:49  INFO        [screening] CWT_MorletГ—LogRegГ—SourceOnly  ds=mitbih_ds1_ds2  seed=0  trial=0  roc=0.8811  f1=0.7974  О”auc=+0.1189  О”f1=+0.2026  t=0.817
2026-05-21 17:22:49  INFO      [S1 26/36] [screening] CWT_MorletГ—LogRegГ—SourceOnly  ds=mitbih_ds1_ds2  seed=1  trial=0
2026-05-21 17:26:17  INFO        [screening] CWT_MorletГ—LogRegГ—SourceOnly  ds=mitbih_ds1_ds2  seed=1  trial=0  roc=0.8811  f1=0.7974  О”auc=+0.1189  О”f1=+0.2026  t=0.817
2026-05-21 17:26:17  INFO      [S1 27/36] [screening] CWT_MorletГ—LogRegГ—SourceOnly  ds=mitbih_ds1_ds2  seed=2  trial=0
2026-05-21 17:29:45  INFO        [screening] CWT_MorletГ—LogRegГ—SourceOnly  ds=mitbih_ds1_ds2  seed=2  trial=0  roc=0.8811  f1=0.7974  О”auc=+0.1189  О”f1=+0.2026  t=0.817
2026-05-21 17:29:45  INFO      [S1 28/36] [screening] CWT_MorletГ—RandomForestГ—SourceOnly  ds=mitbih_ds1_ds2  seed=0  trial=0
2026-05-21 17:30:48  INFO        [screening] CWT_MorletГ—RandomForestГ—SourceOnly  ds=mitbih_ds1_ds2  seed=0  trial=0  roc=0.9082  f1=0.8065  О”auc=+0.0918  О”f1=+0.1935  t=0.650
2026-05-21 17:30:48  INFO      [S1 29/36] [screening] CWT_MorletГ—RandomForestГ—SourceOnly  ds=mitbih_ds1_ds2  seed=1  trial=0
2026-05-21 17:31:51  INFO        [screening] CWT_MorletГ—RandomForestГ—SourceOnly  ds=mitbih_ds1_ds2  seed=1  trial=0  roc=0.9104  f1=0.8169  О”auc=+0.0896  О”f1=+0.1831  t=0.590
2026-05-21 17:31:51  INFO      [S1 30/36] [screening] CWT_MorletГ—RandomForestГ—SourceOnly  ds=mitbih_ds1_ds2  seed=2  trial=0
2026-05-21 17:32:52  INFO        [screening] CWT_MorletГ—RandomForestГ—SourceOnly  ds=mitbih_ds1_ds2  seed=2  trial=0  roc=0.9083  f1=0.8129  О”auc=+0.0917  О”f1=+0.1871  t=0.610
2026-05-21 17:32:52  INFO      [S1 31/36] [screening] CWT_MorletГ—GBMГ—SourceOnly  ds=mitbih_ds1_ds2  seed=0  trial=0
2026-05-21 17:33:37  INFO        [screening] CWT_MorletГ—GBMГ—SourceOnly  ds=mitbih_ds1_ds2  seed=0  trial=0  roc=0.9203  f1=0.8279  О”auc=+0.0797  О”f1=+0.1688  t=0.436
2026-05-21 17:33:37  INFO      [S1 32/36] [screening] CWT_MorletГ—GBMГ—SourceOnly  ds=mitbih_ds1_ds2  seed=1  trial=0
2026-05-21 17:34:11  INFO        [screening] CWT_MorletГ—GBMГ—SourceOnly  ds=mitbih_ds1_ds2  seed=1  trial=0  roc=0.9203  f1=0.8279  О”auc=+0.0797  О”f1=+0.1688  t=0.436
2026-05-21 17:34:11  INFO      [S1 33/36] [screening] CWT_MorletГ—GBMГ—SourceOnly  ds=mitbih_ds1_ds2  seed=2  trial=0
2026-05-21 17:34:44  INFO        [screening] CWT_MorletГ—GBMГ—SourceOnly  ds=mitbih_ds1_ds2  seed=2  trial=0  roc=0.9203  f1=0.8279  О”auc=+0.0797  О”f1=+0.1688  t=0.436
2026-05-21 17:34:44  INFO      [S1 34/36] [screening] CWT_MorletГ—SVMГ—SourceOnly  ds=mitbih_ds1_ds2  seed=0  trial=0
2026-05-21 17:43:29  INFO        [screening] CWT_MorletГ—SVMГ—SourceOnly  ds=mitbih_ds1_ds2  seed=0  trial=0  roc=0.9213  f1=0.8429  О”auc=+0.0679  О”f1=+0.1368  t=0.617
2026-05-21 17:43:29  INFO      [S1 35/36] [screening] CWT_MorletГ—SVMГ—SourceOnly  ds=mitbih_ds1_ds2  seed=1  trial=0
2026-05-21 17:52:12  INFO        [screening] CWT_MorletГ—SVMГ—SourceOnly  ds=mitbih_ds1_ds2  seed=1  trial=0  roc=0.9213  f1=0.8429  О”auc=+0.0679  О”f1=+0.1368  t=0.623
2026-05-21 17:52:12  INFO      [S1 36/36] [screening] CWT_MorletГ—SVMГ—SourceOnly  ds=mitbih_ds1_ds2  seed=2  trial=0
2026-05-21 18:01:53  INFO        [screening] CWT_MorletГ—SVMГ—SourceOnly  ds=mitbih_ds1_ds2  seed=2  trial=0  roc=0.9213  f1=0.8429  О”auc=+0.0679  О”f1=+0.1368  t=0.622
2026-05-21 18:01:53  INFO      Top-2 (П†, Оё) pairs by mean delta_auc:
phi         theta 
CWT_Morlet  LogReg    0.118871
RawSignal   LogReg    0.114328
2026-05-21 18:01:53  INFO      Saved 396 rows в†’ results/statistical/mitbih_stat.s1_results.parquet
2026-05-21 18:01:53  INFO      === Stage 1 complete: 396 rows saved to results/statistical/mitbih_stat.s1_results.parquet ===
2026-05-21 18:01:53  INFO          Checkpoint kept at results/statistical/mitbih_stat.s1.parquet вЂ” Stage 2 will resume from here.
2026-05-21 18:01:53  INFO        вњ“  mitbih_ds1_ds2: 396 rows  SourceOnly ROC-AUC=0.7871
2026-05-21 18:01:53  INFO      
2026-05-21 18:01:53  INFO      ============================================================
2026-05-21 18:01:53  INFO        Finished: 2026-05-21 18:01:53
2026-05-21 18:01:53  INFO        ALL 1 DATASETS COMPLETED SUCCESSFULLY
2026-05-21 18:01:53  INFO      ============================================================
