2026-05-18 11:22:43  INFO      ============================================================
2026-05-18 11:22:43  INFO        nstad_bench  run_all.py
2026-05-18 11:22:43  INFO        Started : 2026-05-18 11:22:43
2026-05-18 11:22:43  INFO        Log file: logs/run_20260518_1122_s1.log
2026-05-18 11:22:43  INFO        Mode    : STAGE 1 ONLY
2026-05-18 11:22:43  INFO      ============================================================
2026-05-18 11:22:45  INFO      в”Ѓв”Ѓв”Ѓв”Ѓв”Ѓв”Ѓв”Ѓв”Ѓв”Ѓв”Ѓв”Ѓв”Ѓв”Ѓв”Ѓв”Ѓв”Ѓв”Ѓв”Ѓв”Ѓв”Ѓв”Ѓв”Ѓв”Ѓв”Ѓв”Ѓв”Ѓв”Ѓв”Ѓв”Ѓв”Ѓв”Ѓв”Ѓв”Ѓв”Ѓв”Ѓв”Ѓв”Ѓв”Ѓв”Ѓв”Ѓв”Ѓв”Ѓв”Ѓв”Ѓв”Ѓв”Ѓв”Ѓв”Ѓв”Ѓв”Ѓв”Ѓв”Ѓв”Ѓв”Ѓв”Ѓв”Ѓв”Ѓв”Ѓв”Ѓв”Ѓ
2026-05-18 11:22:45  INFO        Dataset : mitbih_ds1_ds2
2026-05-18 11:22:45  INFO        Config  : /Users/user/projects/cross-domain-experiment/configs/mitbih.yaml
2026-05-18 11:22:45  INFO        Mode    : STAGE 1 ONLY (screening)
2026-05-18 11:22:45  INFO      в”Ѓв”Ѓв”Ѓв”Ѓв”Ѓв”Ѓв”Ѓв”Ѓв”Ѓв”Ѓв”Ѓв”Ѓв”Ѓв”Ѓв”Ѓв”Ѓв”Ѓв”Ѓв”Ѓв”Ѓв”Ѓв”Ѓв”Ѓв”Ѓв”Ѓв”Ѓв”Ѓв”Ѓв”Ѓв”Ѓв”Ѓв”Ѓв”Ѓв”Ѓв”Ѓв”Ѓв”Ѓв”Ѓв”Ѓв”Ѓв”Ѓв”Ѓв”Ѓв”Ѓв”Ѓв”Ѓв”Ѓв”Ѓв”Ѓв”Ѓв”Ѓв”Ѓв”Ѓв”Ѓв”Ѓв”Ѓв”Ѓв”Ѓв”Ѓв”Ѓ
2026-05-18 11:22:45  INFO      ======================================================================
2026-05-18 11:22:45  INFO      Experiment : mitbih
2026-05-18 11:22:45  INFO      Output     : results/mitbih.parquet
2026-05-18 11:22:45  INFO      n_bootstrap: 200
2026-05-18 11:22:45  INFO      ======================================================================
2026-05-18 11:22:45  INFO      --- Stage 1: Screening (SourceOnly) ---
2026-05-18 11:22:45  INFO      Stage 1 вЂ” 12 screening configs
2026-05-18 11:22:45  INFO      [S1 1/12] [screening] RawSignalГ—InceptionTime1DГ—SourceOnly  ds=mitbih_ds1_ds2  seed=0  trial=0
2026-05-18 11:22:45  INFO      Segmenting DS1 (source) from /Users/user/.nstad_bench/data/mitbih вЂ¦
2026-05-18 11:22:45  INFO      Segmenting DS2 (target) from /Users/user/.nstad_bench/data/mitbih вЂ¦
2026-05-18 11:22:45  INFO      MIT-BIH DS1в†’DS2 вЂ” source: 6000  (N=3000, A=3000)  target: 6000  (N=3000, A=3000)
2026-05-18 11:22:45  INFO          device: mps
2026-05-18 11:22:56  INFO          epoch 1/40  loss=0.3981
2026-05-18 11:23:19  INFO          epoch 5/40  loss=0.1980
2026-05-18 11:23:47  INFO          epoch 10/40  loss=0.1236
2026-05-18 11:24:18  INFO          epoch 15/40  loss=0.0890
2026-05-18 11:24:50  INFO          epoch 20/40  loss=0.0675
2026-05-18 11:25:23  INFO          epoch 25/40  loss=0.0614
2026-05-18 11:25:56  INFO          epoch 30/40  loss=0.0419
2026-05-18 11:26:29  INFO          epoch 35/40  loss=0.0368
2026-05-18 11:27:01  INFO          epoch 40/40  loss=0.0392
2026-05-18 11:27:06  INFO        [screening] RawSignalГ—InceptionTime1DГ—SourceOnly  ds=mitbih_ds1_ds2  seed=0  trial=0  roc=0.8797 [0.8715,0.8887]  О”auc=+0.1193
2026-05-18 11:27:06  INFO      [S1 2/12] [screening] RawSignalГ—InceptionTime1DГ—SourceOnly  ds=mitbih_ds1_ds2  seed=1  trial=0
2026-05-18 11:27:06  INFO          device: mps
2026-05-18 11:27:12  INFO          epoch 1/40  loss=0.3778
2026-05-18 11:27:38  INFO          epoch 5/40  loss=0.1830
2026-05-18 11:28:11  INFO          epoch 10/40  loss=0.1297
2026-05-18 11:28:44  INFO          epoch 15/40  loss=0.0895
2026-05-18 11:29:16  INFO          epoch 20/40  loss=0.0733
2026-05-18 11:29:49  INFO          epoch 25/40  loss=0.0597
2026-05-18 11:30:21  INFO          epoch 30/40  loss=0.0378
2026-05-18 11:30:55  INFO          epoch 35/40  loss=0.0394
2026-05-18 11:31:28  INFO          epoch 40/40  loss=0.0365
2026-05-18 11:31:32  INFO        [screening] RawSignalГ—InceptionTime1DГ—SourceOnly  ds=mitbih_ds1_ds2  seed=1  trial=0  roc=0.8807 [0.8725,0.8874]  О”auc=+0.1188
2026-05-18 11:31:32  INFO      [S1 3/12] [screening] RawSignalГ—InceptionTime1DГ—SourceOnly  ds=mitbih_ds1_ds2  seed=2  trial=0
2026-05-18 11:31:32  INFO          device: mps
2026-05-18 11:31:39  INFO          epoch 1/40  loss=0.4026
2026-05-18 11:32:06  INFO          epoch 5/40  loss=0.2030
2026-05-18 11:32:40  INFO          epoch 10/40  loss=0.1307
2026-05-18 11:33:15  INFO          epoch 15/40  loss=0.1044
2026-05-18 11:33:50  INFO          epoch 20/40  loss=0.0837
2026-05-18 11:34:23  INFO          epoch 25/40  loss=0.0650
2026-05-18 11:34:56  INFO          epoch 30/40  loss=0.0541
2026-05-18 11:35:28  INFO          epoch 35/40  loss=0.0496
2026-05-18 11:36:01  INFO          epoch 40/40  loss=0.0359
2026-05-18 11:36:05  INFO        [screening] RawSignalГ—InceptionTime1DГ—SourceOnly  ds=mitbih_ds1_ds2  seed=2  trial=0  roc=0.8983 [0.8899,0.9055]  О”auc=+0.1016
2026-05-18 11:36:05  INFO      [S1 4/12] [screening] RawSignalГ—PatchTSTГ—SourceOnly  ds=mitbih_ds1_ds2  seed=0  trial=0
2026-05-18 11:36:05  INFO          device: mps
2026-05-18 11:36:10  INFO          epoch 1/40  loss=0.4229
2026-05-18 11:36:20  INFO          epoch 5/40  loss=0.2001
2026-05-18 11:36:33  INFO          epoch 10/40  loss=0.1361
2026-05-18 11:36:46  INFO          epoch 15/40  loss=0.1048
2026-05-18 11:36:59  INFO          epoch 20/40  loss=0.0945
2026-05-18 11:37:12  INFO          epoch 25/40  loss=0.0758
2026-05-18 11:37:26  INFO          epoch 30/40  loss=0.0697
2026-05-18 11:37:39  INFO          epoch 35/40  loss=0.0611
2026-05-18 11:37:53  INFO          epoch 40/40  loss=0.0553
2026-05-18 11:37:54  INFO        [screening] RawSignalГ—PatchTSTГ—SourceOnly  ds=mitbih_ds1_ds2  seed=0  trial=0  roc=0.8367 [0.8280,0.8481]  О”auc=+0.1629
2026-05-18 11:37:54  INFO      [S1 5/12] [screening] RawSignalГ—PatchTSTГ—SourceOnly  ds=mitbih_ds1_ds2  seed=1  trial=0
2026-05-18 11:37:54  INFO          device: mps
2026-05-18 11:37:57  INFO          epoch 1/40  loss=0.4135
2026-05-18 11:38:08  INFO          epoch 5/40  loss=0.1783
2026-05-18 11:38:21  INFO          epoch 10/40  loss=0.1328
2026-05-18 11:38:35  INFO          epoch 15/40  loss=0.1170
2026-05-18 11:38:48  INFO          epoch 20/40  loss=0.0961
2026-05-18 11:39:02  INFO          epoch 25/40  loss=0.0812
2026-05-18 11:39:15  INFO          epoch 30/40  loss=0.0788
2026-05-18 11:39:30  INFO          epoch 35/40  loss=0.0672
2026-05-18 11:39:43  INFO          epoch 40/40  loss=0.0657
2026-05-18 11:39:45  INFO        [screening] RawSignalГ—PatchTSTГ—SourceOnly  ds=mitbih_ds1_ds2  seed=1  trial=0  roc=0.8550 [0.8454,0.8634]  О”auc=+0.1444
2026-05-18 11:39:45  INFO      [S1 6/12] [screening] RawSignalГ—PatchTSTГ—SourceOnly  ds=mitbih_ds1_ds2  seed=2  trial=0
2026-05-18 11:39:45  INFO          device: mps
2026-05-18 11:39:48  INFO          epoch 1/40  loss=0.4103
2026-05-18 11:39:59  INFO          epoch 5/40  loss=0.1813
2026-05-18 11:40:12  INFO          epoch 10/40  loss=0.1298
2026-05-18 11:40:26  INFO          epoch 15/40  loss=0.1076
2026-05-18 11:40:40  INFO          epoch 20/40  loss=0.0924
2026-05-18 11:40:54  INFO          epoch 25/40  loss=0.0840
2026-05-18 11:41:08  INFO          epoch 30/40  loss=0.0712
2026-05-18 11:41:22  INFO          epoch 35/40  loss=0.0692
2026-05-18 11:41:36  INFO          epoch 40/40  loss=0.0572
2026-05-18 11:41:38  INFO        [screening] RawSignalГ—PatchTSTГ—SourceOnly  ds=mitbih_ds1_ds2  seed=2  trial=0  roc=0.8663 [0.8561,0.8743]  О”auc=+0.1332
2026-05-18 11:41:38  INFO      [S1 7/12] [screening] LogSTFTГ—ResNet18_2DГ—SourceOnly  ds=mitbih_ds1_ds2  seed=0  trial=0
2026-05-18 11:41:38  INFO          device: mps
2026-05-18 11:41:51  INFO          epoch 1/40  loss=0.2457
2026-05-18 11:42:20  INFO          epoch 5/40  loss=0.1067
2026-05-18 11:42:55  INFO          epoch 10/40  loss=0.0648
2026-05-18 11:43:30  INFO          epoch 15/40  loss=0.0569
2026-05-18 11:44:06  INFO          epoch 20/40  loss=0.0383
2026-05-18 11:44:41  INFO          epoch 25/40  loss=0.0289
2026-05-18 11:45:16  INFO          epoch 30/40  loss=0.0327
2026-05-18 11:45:51  INFO          epoch 35/40  loss=0.0245
2026-05-18 11:46:26  INFO          epoch 40/40  loss=0.0209
2026-05-18 11:46:30  INFO        [screening] LogSTFTГ—ResNet18_2DГ—SourceOnly  ds=mitbih_ds1_ds2  seed=0  trial=0  roc=0.8473 [0.8389,0.8565]  О”auc=+0.1526
2026-05-18 11:46:30  INFO      [S1 8/12] [screening] LogSTFTГ—ResNet18_2DГ—SourceOnly  ds=mitbih_ds1_ds2  seed=1  trial=0
2026-05-18 11:46:30  INFO          device: mps
2026-05-18 11:46:37  INFO          epoch 1/40  loss=0.2455
2026-05-18 11:47:05  INFO          epoch 5/40  loss=0.1118
2026-05-18 11:47:41  INFO          epoch 10/40  loss=0.0744
2026-05-18 11:48:17  INFO          epoch 15/40  loss=0.0429
2026-05-18 11:48:56  INFO          epoch 20/40  loss=0.0342
2026-05-18 11:49:31  INFO          epoch 25/40  loss=0.0290
2026-05-18 11:50:05  INFO          epoch 30/40  loss=0.0223
2026-05-18 11:50:40  INFO          epoch 35/40  loss=0.0273
2026-05-18 11:51:14  INFO          epoch 40/40  loss=0.0190
2026-05-18 11:51:18  INFO        [screening] LogSTFTГ—ResNet18_2DГ—SourceOnly  ds=mitbih_ds1_ds2  seed=1  trial=0  roc=0.8660 [0.8566,0.8746]  О”auc=+0.1340
2026-05-18 11:51:18  INFO      [S1 9/12] [screening] LogSTFTГ—ResNet18_2DГ—SourceOnly  ds=mitbih_ds1_ds2  seed=2  trial=0
2026-05-18 11:51:18  INFO          device: mps
2026-05-18 11:51:25  INFO          epoch 1/40  loss=0.2764
2026-05-18 11:51:53  INFO          epoch 5/40  loss=0.1081
2026-05-18 11:52:28  INFO          epoch 10/40  loss=0.0772
2026-05-18 11:53:03  INFO          epoch 15/40  loss=0.0563
2026-05-18 11:53:41  INFO          epoch 20/40  loss=0.0455
2026-05-18 11:54:18  INFO          epoch 25/40  loss=0.0309
2026-05-18 11:54:54  INFO          epoch 30/40  loss=0.0360
2026-05-18 11:55:29  INFO          epoch 35/40  loss=0.0142
2026-05-18 11:56:03  INFO          epoch 40/40  loss=0.0169
2026-05-18 11:56:06  INFO        [screening] LogSTFTГ—ResNet18_2DГ—SourceOnly  ds=mitbih_ds1_ds2  seed=2  trial=0  roc=0.8316 [0.8224,0.8432]  О”auc=+0.1681
2026-05-18 11:56:06  INFO      [S1 10/12] [screening] CWT_MorletГ—ResNet18_2DГ—SourceOnly  ds=mitbih_ds1_ds2  seed=0  trial=0
2026-05-18 11:56:18  INFO          device: mps
2026-05-18 11:56:42  INFO          epoch 1/40  loss=0.2234
2026-05-18 11:58:15  INFO          epoch 5/40  loss=0.0826
2026-05-18 12:00:14  INFO          epoch 10/40  loss=0.0479
2026-05-18 12:02:12  INFO          epoch 15/40  loss=0.0278
2026-05-18 12:04:11  INFO          epoch 20/40  loss=0.0241
2026-05-18 12:06:11  INFO          epoch 25/40  loss=0.0169
2026-05-18 12:08:10  INFO          epoch 30/40  loss=0.0258
2026-05-18 12:10:09  INFO          epoch 35/40  loss=0.0098
2026-05-18 12:12:09  INFO          epoch 40/40  loss=0.0078
2026-05-18 12:12:21  INFO        [screening] CWT_MorletГ—ResNet18_2DГ—SourceOnly  ds=mitbih_ds1_ds2  seed=0  trial=0  roc=0.8355 [0.8274,0.8440]  О”auc=+0.1644
2026-05-18 12:12:21  INFO      [S1 11/12] [screening] CWT_MorletГ—ResNet18_2DГ—SourceOnly  ds=mitbih_ds1_ds2  seed=1  trial=0
2026-05-18 12:12:32  INFO          device: mps
2026-05-18 12:12:56  INFO          epoch 1/40  loss=0.2309
2026-05-18 12:14:32  INFO          epoch 5/40  loss=0.0928
2026-05-18 12:16:32  INFO          epoch 10/40  loss=0.0516
2026-05-18 12:18:31  INFO          epoch 15/40  loss=0.0282
2026-05-18 12:20:31  INFO          epoch 20/40  loss=0.0315
2026-05-18 12:22:31  INFO          epoch 25/40  loss=0.0179
2026-05-18 12:24:31  INFO          epoch 30/40  loss=0.0152
2026-05-18 12:26:31  INFO          epoch 35/40  loss=0.0185
2026-05-18 12:28:32  INFO          epoch 40/40  loss=0.0168
2026-05-18 12:28:45  INFO        [screening] CWT_MorletГ—ResNet18_2DГ—SourceOnly  ds=mitbih_ds1_ds2  seed=1  trial=0  roc=0.8765 [0.8679,0.8851]  О”auc=+0.1234
2026-05-18 12:28:45  INFO      [S1 12/12] [screening] CWT_MorletГ—ResNet18_2DГ—SourceOnly  ds=mitbih_ds1_ds2  seed=2  trial=0
2026-05-18 12:28:56  INFO          device: mps
2026-05-18 12:29:21  INFO          epoch 1/40  loss=0.2352
2026-05-18 12:31:04  INFO          epoch 5/40  loss=0.0850
2026-05-18 12:33:11  INFO          epoch 10/40  loss=0.0460
2026-05-18 12:35:19  INFO          epoch 15/40  loss=0.0284
2026-05-18 12:37:19  INFO          epoch 20/40  loss=0.0162
2026-05-18 12:39:19  INFO          epoch 25/40  loss=0.0192
2026-05-18 12:41:19  INFO          epoch 30/40  loss=0.0098
2026-05-18 12:43:20  INFO          epoch 35/40  loss=0.0101
2026-05-18 12:45:20  INFO          epoch 40/40  loss=0.0281
2026-05-18 12:45:32  INFO        [screening] CWT_MorletГ—ResNet18_2DГ—SourceOnly  ds=mitbih_ds1_ds2  seed=2  trial=0  roc=0.9059 [0.8993,0.9144]  О”auc=+0.0897
2026-05-18 12:45:32  INFO      Top-2 (П†, Оё) pairs by mean delta_auc:
phi        theta      
LogSTFT    ResNet18_2D    0.151543
RawSignal  PatchTST       0.146852
2026-05-18 12:45:32  INFO      Saved 48 rows в†’ results/mitbih.s1_results.parquet
2026-05-18 12:45:32  INFO      === Stage 1 complete: 48 rows saved to results/mitbih.s1_results.parquet ===
2026-05-18 12:45:32  INFO          Checkpoint kept at results/mitbih.s1.parquet вЂ” Stage 2 will resume from here.
2026-05-18 12:45:32  INFO        вњ“  mitbih_ds1_ds2: 48 rows  SourceOnly ROC-AUC=0.8797
2026-05-18 12:45:32  INFO      в”Ѓв”Ѓв”Ѓв”Ѓв”Ѓв”Ѓв”Ѓв”Ѓв”Ѓв”Ѓв”Ѓв”Ѓв”Ѓв”Ѓв”Ѓв”Ѓв”Ѓв”Ѓв”Ѓв”Ѓв”Ѓв”Ѓв”Ѓв”Ѓв”Ѓв”Ѓв”Ѓв”Ѓв”Ѓв”Ѓв”Ѓв”Ѓв”Ѓв”Ѓв”Ѓв”Ѓв”Ѓв”Ѓв”Ѓв”Ѓв”Ѓв”Ѓв”Ѓв”Ѓв”Ѓв”Ѓв”Ѓв”Ѓв”Ѓв”Ѓв”Ѓв”Ѓв”Ѓв”Ѓв”Ѓв”Ѓв”Ѓв”Ѓв”Ѓв”Ѓ
2026-05-18 12:45:32  INFO        Dataset : deepbeat_patient_split
2026-05-18 12:45:32  INFO        Config  : /Users/user/projects/cross-domain-experiment/configs/deepbeat.yaml
2026-05-18 12:45:32  INFO        Mode    : STAGE 1 ONLY (screening)
2026-05-18 12:45:32  INFO      в”Ѓв”Ѓв”Ѓв”Ѓв”Ѓв”Ѓв”Ѓв”Ѓв”Ѓв”Ѓв”Ѓв”Ѓв”Ѓв”Ѓв”Ѓв”Ѓв”Ѓв”Ѓв”Ѓв”Ѓв”Ѓв”Ѓв”Ѓв”Ѓв”Ѓв”Ѓв”Ѓв”Ѓв”Ѓв”Ѓв”Ѓв”Ѓв”Ѓв”Ѓв”Ѓв”Ѓв”Ѓв”Ѓв”Ѓв”Ѓв”Ѓв”Ѓв”Ѓв”Ѓв”Ѓв”Ѓв”Ѓв”Ѓв”Ѓв”Ѓв”Ѓв”Ѓв”Ѓв”Ѓв”Ѓв”Ѓв”Ѓв”Ѓв”Ѓв”Ѓ
2026-05-18 12:45:32  INFO      ======================================================================
2026-05-18 12:45:32  INFO      Experiment : deepbeat
2026-05-18 12:45:32  INFO      Output     : results/deepbeat.parquet
2026-05-18 12:45:32  INFO      n_bootstrap: 200
2026-05-18 12:45:32  INFO      ======================================================================
2026-05-18 12:45:32  INFO      --- Stage 1: Screening (SourceOnly) ---
2026-05-18 12:45:32  INFO      Stage 1 вЂ” 15 screening configs
2026-05-18 12:45:32  INFO      [S1 1/15] [screening] RawSignalГ—InceptionTime1DГ—SourceOnly  ds=deepbeat_patient_split  seed=0  trial=0
2026-05-18 12:45:32  INFO      Loading DeepBeat source (train.npz) вЂ¦
2026-05-18 12:48:53  WARNING     dropped 4150 source windows containing NaN/Inf (0.15%)
2026-05-18 12:50:07  INFO        source: 100000 windows  SR=50000  AF=50000
2026-05-18 12:50:07  INFO      Loading DeepBeat target (test.npz) вЂ¦
2026-05-18 12:50:07  INFO        target: 17617 windows  SR=13387 (76%)  AF=4230 (24%)
2026-05-18 12:50:08  INFO          device: mps
2026-05-18 12:53:47  INFO          epoch 1/40  loss=0.5548
2026-05-18 13:09:03  INFO          epoch 5/40  loss=0.3749
2026-05-18 13:28:34  INFO          epoch 10/40  loss=0.3076
